\BOOKMARK [1][-]{section.1}{Introduction}{}% 1
\BOOKMARK [1][-]{section.2}{Short description of the theory}{}% 2
\BOOKMARK [1][-]{section.3}{Using the toolbox}{}% 3
\BOOKMARK [2][-]{subsection.3.1}{GenerateSPSSetup}{section.3}% 4
\BOOKMARK [2][-]{subsection.3.2}{IsModelPartOfSPSConfidenceSet}{section.3}% 5
\BOOKMARK [2][-]{subsection.3.3}{IsRegressionParamPartOfSPSConfidenceSet}{section.3}% 6
\BOOKMARK [2][-]{subsection.3.4}{CalculateBJGradient}{section.3}% 7
\BOOKMARK [2][-]{subsection.3.5}{CalculateBJNoiseRealization}{section.3}% 8
\BOOKMARK [2][-]{subsection.3.6}{DetermineRank}{section.3}% 9
\BOOKMARK [2][-]{subsection.3.7}{GenerateTestRegion}{section.3}% 10
\BOOKMARK [2][-]{subsection.3.8}{SimulateBJSample}{section.3}% 11
\BOOKMARK [2][-]{subsection.3.9}{SimulateSystem}{section.3}% 12
\BOOKMARK [1][-]{section.4}{Examples}{}% 13
\BOOKMARK [2][-]{subsection.4.1}{Linear regression}{section.4}% 14
\BOOKMARK [3][-]{subsubsection.4.1.1}{testLinRegMembership.m}{subsection.4.1}% 15
\BOOKMARK [3][-]{subsubsection.4.1.2}{showConfidenceRegion.m}{subsection.4.1}% 16
\BOOKMARK [3][-]{subsubsection.4.1.3}{testLinRegConfidence.m}{subsection.4.1}% 17
\BOOKMARK [2][-]{subsection.4.2}{LTI systems}{section.4}% 18
\BOOKMARK [3][-]{subsubsection.4.2.1}{testLTIMembership.m}{subsection.4.2}% 19
\BOOKMARK [3][-]{subsubsection.4.2.2}{showConfidenceRegion.m}{subsection.4.2}% 20
\BOOKMARK [3][-]{subsubsection.4.2.3}{testLTIConfidence.m}{subsection.4.2}% 21
\BOOKMARK [1][-]{section.5}{Deployment}{}% 22
